2022:12:05 00:00:16.060 INFO  --- [restartedMain]
				view.road.Application : Starting Application using Java 11 on DESKTOP-8ECQV9E with PID 11200 (C:\home\workspace\view-road\target\classes started by schue in C:\home\workspace\view-road) 
2022:12:05 00:00:16.071 INFO  --- [restartedMain]
				view.road.Application : No active profile set, falling back to 1 default profile: "default" 
2022:12:05 00:00:19.841 INFO  --- [restartedMain]
				o.a.catalina.core.StandardService : Starting service [Tomcat] 
2022:12:05 00:00:19.843 INFO  --- [restartedMain]
				o.a.catalina.core.StandardEngine : Starting Servlet engine: [Apache Tomcat/9.0.69] 
2022:12:05 00:00:20.616 INFO  --- [restartedMain]
				o.apache.jasper.servlet.TldScanner : At least one JAR was scanned for TLDs yet contained no TLDs. Enable debug logging for this logger for a complete list of JARs that were scanned but no TLDs were found in them. Skipping unneeded JARs during scanning can improve startup time and JSP compilation time. 
2022:12:05 00:00:20.729 INFO  --- [restartedMain]
				o.a.c.c.C.[Tomcat].[localhost].[/] : Initializing Spring embedded WebApplicationContext 
2022:12:05 00:00:22.762 INFO  --- [restartedMain]
				com.zaxxer.hikari.HikariDataSource : HikariPool-1 - Starting... 
2022:12:05 00:00:22.884 INFO  --- [restartedMain]
				com.zaxxer.hikari.pool.PoolBase : HikariPool-1 - Driver does not support get/set network timeout for connections. (Receiver class net.sf.log4jdbc.ConnectionSpy does not define or inherit an implementation of the resolved method abstract getNetworkTimeout()I of interface java.sql.Connection.) 
2022:12:05 00:00:22.903 INFO  --- [restartedMain]
				com.zaxxer.hikari.HikariDataSource : HikariPool-1 - Start completed. 
2022:12:05 00:00:25.602 INFO  --- [restartedMain]
				view.road.Application : Started Application in 10.479 seconds (JVM running for 13.631) 
2022:12:05 00:00:33.458 INFO  --- [http-nio-9090-exec-1]
				o.a.c.c.C.[Tomcat].[localhost].[/] : Initializing Spring DispatcherServlet 'dispatcherServlet' 
2022:12:05 00:00:33.463 INFO  --- [http-nio-9090-exec-1]
				o.s.web.servlet.DispatcherServlet : Initializing Servlet 'dispatcherServlet' 
2022:12:05 00:00:33.474 INFO  --- [http-nio-9090-exec-1]
				o.s.web.servlet.DispatcherServlet : Completed initialization in 10 ms 
2022:12:05 00:00:34.168 INFO  --- [http-nio-9090-exec-1]
				jdbc.resultsettable : |----|----|----------|------|------|--------|---------|------------|--------|---------|---------| 
2022:12:05 00:00:34.169 INFO  --- [http-nio-9090-exec-1]
				jdbc.resultsettable : |bno |uid |boardType |title |place |viewCnt |fileName |createdDate |likeCnt |replyCnt |username | 
2022:12:05 00:00:34.170 INFO  --- [http-nio-9090-exec-1]
				jdbc.resultsettable : |----|----|----------|------|------|--------|---------|------------|--------|---------|---------| 
2022:12:05 00:00:34.172 INFO  --- [http-nio-9090-exec-1]
				jdbc.resultsettable : |----|----|----------|------|------|--------|---------|------------|--------|---------|---------| 
2022:12:05 00:00:34.196 INFO  --- [http-nio-9090-exec-1]
				jdbc.resultsettable : |----|----|-------------------|--------------------------|--------|--------|--------------------------------------------------------------------------------|----------------------|--------|---------|---------| 
2022:12:05 00:00:34.197 INFO  --- [http-nio-9090-exec-1]
				jdbc.resultsettable : |bno |uid |boardType          |title                     |place   |viewCnt |fileName                                                                        |createdDate           |likeCnt |replyCnt |username | 
2022:12:05 00:00:34.198 INFO  --- [http-nio-9090-exec-1]
				jdbc.resultsettable : |----|----|-------------------|--------------------------|--------|--------|--------------------------------------------------------------------------------|----------------------|--------|---------|---------| 
2022:12:05 00:00:34.199 INFO  --- [http-nio-9090-exec-1]
				jdbc.resultsettable : |133 |1   |place_introduction |강남 직장인 회식장소 추천 맛집 베스트 30곳 |고메램 고깃집 |8       |/2022/11/30/s_621ee784-319d-412b-aa75-b6e88550edd3_1019457_1649050946325850.jpg |2022-11-30 16:41:47.0 |0       |0        |최고관리자    | 
2022:12:05 00:00:34.201 INFO  --- [http-nio-9090-exec-1]
				jdbc.resultsettable : |----|----|-------------------|--------------------------|--------|--------|--------------------------------------------------------------------------------|----------------------|--------|---------|---------| 
2022:12:05 00:00:34.214 INFO  --- [http-nio-9090-exec-1]
				jdbc.resultsettable : |----|----|-------------------|---------------------------------------------------|-----------|--------|--------------------------------------------------------------------------|----------------------|--------|---------|---------| 
2022:12:05 00:00:34.215 INFO  --- [http-nio-9090-exec-1]
				jdbc.resultsettable : |bno |uid |boardType          |title                                              |place      |viewCnt |fileName                                                                  |createdDate           |likeCnt |replyCnt |username | 
2022:12:05 00:00:34.216 INFO  --- [http-nio-9090-exec-1]
				jdbc.resultsettable : |----|----|-------------------|---------------------------------------------------|-----------|--------|--------------------------------------------------------------------------|----------------------|--------|---------|---------| 
2022:12:05 00:00:34.217 INFO  --- [http-nio-9090-exec-1]
				jdbc.resultsettable : |102 |25  |place_introduction |합천 황매산철쭉제 방문 전 황매산 등산코스와 철쭉 개화시기 확인하세요322          |합천 황매산철쭉제  |163     |/2022/11/22/s_765abedb-9218-46e5-9628-dfef631bee32_다운로드 (8).jpg           |2022-11-21 23:12:01.0 |2       |11       |유저3      | 
2022:12:05 00:00:34.219 INFO  --- [http-nio-9090-exec-1]
				jdbc.resultsettable : |121 |33  |place_reviews      |소양강 스카이워크는 강원도 춘천시 영서로에 있으며 전체 길이는 174m이고 바닥이 투명 유 |소양강 스카이워크  |94      |/2022/11/22/s_550d0bcf-6dab-448e-841c-897612272222_Thumbnail.jpg          |2022-11-22 19:57:24.0 |1       |1        |유저11     | 
2022:12:05 00:00:34.220 INFO  --- [http-nio-9090-exec-1]
				jdbc.resultsettable : |101 |25  |place_introduction |파주 심학산 돌곶이 6년 만에 꽃마을로 재탄생                          |파주 심학산 돌곶이 |89      |/2022/11/22/s_efbb1b22-6ae9-4833-8e27-feb362d7c89c_1.jpg                  |2022-11-21 23:08:33.0 |1       |1        |유저3      | 
2022:12:05 00:00:34.222 INFO  --- [http-nio-9090-exec-1]
				jdbc.resultsettable : |109 |33  |place_reviews      |자연과 생명의 땅, 대관령 3대 목장                               |대관령 양떼목장   |8       |/2022/11/22/s_a786b505-2ddf-4f89-be12-981d8272997f_99892F3359B5890F17.jpg |2022-11-22 19:03:12.0 |1       |1        |유저11     | 
2022:12:05 00:00:34.223 INFO  --- [http-nio-9090-exec-1]
				jdbc.resultsettable : |122 |33  |place_reviews      |비오는날 가평여행 가평 갈만한곳                                  |경기도 가평     |388     |/2022/11/22/s_f311060a-2c2c-4705-b916-84db690a819d_1665381647697.jpg      |2022-11-22 20:07:28.0 |0       |9        |유저11     | 
2022:12:05 00:00:34.226 INFO  --- [http-nio-9090-exec-1]
				jdbc.resultsettable : |----|----|-------------------|---------------------------------------------------|-----------|--------|--------------------------------------------------------------------------|----------------------|--------|---------|---------| 
2022:12:05 00:00:34.254 INFO  --- [http-nio-9090-exec-1]
				jdbc.resultsettable : |----|----|---------------|----------|---------|----|----------|---------|-------|---------|--------------|----------------|----------------------|--------| 
2022:12:05 00:00:34.255 INFO  --- [http-nio-9090-exec-1]
				jdbc.resultsettable : |num |bno |title          |boardType |username |uid |userId    |zoneCode |imgCnt |fileName |boardPassword |ip              |createdDate           |viewCnt | 
2022:12:05 00:00:34.257 INFO  --- [http-nio-9090-exec-1]
				jdbc.resultsettable : |----|----|---------------|----------|---------|----|----------|---------|-------|---------|--------------|----------------|----------------------|--------| 
2022:12:05 00:00:34.259 INFO  --- [http-nio-9090-exec-1]
				jdbc.resultsettable : |19  |134 |안녕하세요          |qna       |코리아      |46  |korea1234 |03900    |0      |null     |null          |125.180.195.96  |2022-12-03 11:24:00.0 |3       | 
2022:12:05 00:00:34.260 INFO  --- [http-nio-9090-exec-1]
				jdbc.resultsettable : |18  |80  |daSD           |qna       |유저5      |27  |user5     |15382    |0      |null     |null          |0:0:0:0:0:0:0:1 |2022-11-20 23:11:31.0 |79      | 
2022:12:05 00:00:34.261 INFO  --- [http-nio-9090-exec-1]
				jdbc.resultsettable : |17  |79  |일본여행 장소 질문.    |qna       |유저7      |29  |user7     |16268    |0      |null     |null          |0:0:0:0:0:0:0:1 |2022-11-20 22:20:41.0 |21      | 
2022:12:05 00:00:34.263 INFO  --- [http-nio-9090-exec-1]
				jdbc.resultsettable : |16  |78  |졸업여행 장소,놀거리 질문 |qna       |유저6      |28  |user6     |03139    |0      |null     |null          |0:0:0:0:0:0:0:1 |2022-11-20 22:18:25.0 |5       | 
2022:12:05 00:00:34.264 INFO  --- [http-nio-9090-exec-1]
				jdbc.resultsettable : |15  |77  |여행장소추천 및 코스 질문 |qna       |유저6      |28  |user6     |03139    |0      |null     |null          |0:0:0:0:0:0:0:1 |2022-11-20 22:17:29.0 |8       | 
2022:12:05 00:00:34.267 INFO  --- [http-nio-9090-exec-1]
				jdbc.resultsettable : |----|----|---------------|----------|---------|----|----------|---------|-------|---------|--------------|----------------|----------------------|--------| 
2022:12:05 00:00:34.283 INFO  --- [http-nio-9090-exec-1]
				jdbc.resultsettable : |----|----|---------------------------------------------------|----------|---------|----|-------|---------|-------|-----------------------------------------------------------------------------------------------|--------------|----------------|----------------------|--------| 
2022:12:05 00:00:34.285 INFO  --- [http-nio-9090-exec-1]
				jdbc.resultsettable : |num |bno |title                                              |boardType |username |uid |userId |zoneCode |imgCnt |fileName                                                                                       |boardPassword |ip              |createdDate           |viewCnt | 
2022:12:05 00:00:34.288 INFO  --- [http-nio-9090-exec-1]
				jdbc.resultsettable : |----|----|---------------------------------------------------|----------|---------|----|-------|---------|-------|-----------------------------------------------------------------------------------------------|--------------|----------------|----------------------|--------| 
2022:12:05 00:00:34.289 INFO  --- [http-nio-9090-exec-1]
				jdbc.resultsettable : |19  |136 |0000                                               |free      |최고관리자    |1   |admin  |03168    |0      |null                                                                                           |null          |0:0:0:0:0:0:0:1 |2022-12-04 18:32:54.0 |2       | 
2022:12:05 00:00:34.293 INFO  --- [http-nio-9090-exec-1]
				jdbc.resultsettable : |18  |60  |두루웰 숲속문화촌 힐링장소로 인기 [출처] 두루웰 숲속문화촌 힐링장소로 인기|작성자 철원  |free      |유저4      |26  |user4  |03721    |1      |/2022/11/20/s_9acc90a2-9bd8-4283-b06b-3900e9c80cf5_0.jpg                                       |null          |0:0:0:0:0:0:0:1 |2022-11-20 17:54:43.0 |196     | 
2022:12:05 00:00:34.293 INFO  --- [http-nio-9090-exec-1]
				jdbc.resultsettable : |17  |59  |해운대 부산아쿠아리움 아이들에게 인기만점 체험장소 락풀에서 즐겨보세요~ [출처] 해운대 부 |free      |유저4      |26  |user4  |03721    |1      |/2022/11/20/s_7a424850-4884-41cd-b95d-ccb9848b64a5_SE-0afe832e-5685-4162-a0e4-a6eba37183bb.jpg |null          |0:0:0:0:0:0:0:1 |2022-11-20 17:52:47.0 |12      | 
2022:12:05 00:00:34.295 INFO  --- [http-nio-9090-exec-1]
				jdbc.resultsettable : |16  |58  |조용한 휴식의 도시 강릉                                      |free      |유저4      |26  |user4  |03721    |1      |/2022/11/20/059fb8e5-b635-4bdf-98ac-35b229b32c65_878c85e5-265c-4af7-8a99-cc27d80670fa.webp     |null          |0:0:0:0:0:0:0:1 |2022-11-20 17:51:25.0 |25      | 
2022:12:05 00:00:34.296 INFO  --- [http-nio-9090-exec-1]
				jdbc.resultsettable : |15  |57  |센소지&#40;아사쿠사 칸논&#41;                               |free      |유저4      |26  |user4  |03721    |1      |/2022/11/20/1a0e62d3-4f54-4655-9a1d-f0c5456c48cd_ebbf63ca-7cbd-48e1-826d-0e65833a7a3d.webp     |null          |0:0:0:0:0:0:0:1 |2022-11-20 17:49:47.0 |15      | 
2022:12:05 00:00:34.299 INFO  --- [http-nio-9090-exec-1]
				jdbc.resultsettable : |----|----|---------------------------------------------------|----------|---------|----|-------|---------|-------|-----------------------------------------------------------------------------------------------|--------------|----------------|----------------------|--------| 
2022:12:05 00:00:34.476 INFO  --- [http-nio-9090-exec-1]
				jdbc.resultsettable : |----|----|-------------------|---------------------------------------------------|-----------|--------|---------------------------------------------------------------------|----------------------|--------|---------|---------| 
2022:12:05 00:00:34.476 INFO  --- [http-nio-9090-exec-1]
				jdbc.resultsettable : |bno |uid |boardType          |title                                              |place      |viewCnt |fileName                                                             |createdDate           |likeCnt |replyCnt |username | 
2022:12:05 00:00:34.477 INFO  --- [http-nio-9090-exec-1]
				jdbc.resultsettable : |----|----|-------------------|---------------------------------------------------|-----------|--------|---------------------------------------------------------------------|----------------------|--------|---------|---------| 
2022:12:05 00:00:34.478 INFO  --- [http-nio-9090-exec-1]
				jdbc.resultsettable : |122 |33  |place_reviews      |비오는날 가평여행 가평 갈만한곳                                  |경기도 가평     |388     |/2022/11/22/s_f311060a-2c2c-4705-b916-84db690a819d_1665381647697.jpg |2022-11-22 20:07:28.0 |0       |9        |유저11     | 
2022:12:05 00:00:34.478 INFO  --- [http-nio-9090-exec-1]
				jdbc.resultsettable : |102 |25  |place_introduction |합천 황매산철쭉제 방문 전 황매산 등산코스와 철쭉 개화시기 확인하세요322          |합천 황매산철쭉제  |163     |/2022/11/22/s_765abedb-9218-46e5-9628-dfef631bee32_다운로드 (8).jpg      |2022-11-21 23:12:01.0 |2       |11       |유저3      | 
2022:12:05 00:00:34.479 INFO  --- [http-nio-9090-exec-1]
				jdbc.resultsettable : |83  |23  |place_introduction |제주특별자치도 서귀포시 성산읍 성산리 1번지                           |성산 일출봉     |114     |/2022/11/21/s_d1c608f9-8d74-4c52-a758-5b9f368efac7_다운로드.jpg          |2022-11-21 20:50:51.0 |0       |0        |유저1      | 
2022:12:05 00:00:34.480 INFO  --- [http-nio-9090-exec-1]
				jdbc.resultsettable : |121 |33  |place_reviews      |소양강 스카이워크는 강원도 춘천시 영서로에 있으며 전체 길이는 174m이고 바닥이 투명 유 |소양강 스카이워크  |94      |/2022/11/22/s_550d0bcf-6dab-448e-841c-897612272222_Thumbnail.jpg     |2022-11-22 19:57:24.0 |1       |1        |유저11     | 
2022:12:05 00:00:34.481 INFO  --- [http-nio-9090-exec-1]
				jdbc.resultsettable : |101 |25  |place_introduction |파주 심학산 돌곶이 6년 만에 꽃마을로 재탄생                          |파주 심학산 돌곶이 |89      |/2022/11/22/s_efbb1b22-6ae9-4833-8e27-feb362d7c89c_1.jpg             |2022-11-21 23:08:33.0 |1       |1        |유저3      | 
2022:12:05 00:00:34.483 INFO  --- [http-nio-9090-exec-1]
				jdbc.resultsettable : |----|----|-------------------|---------------------------------------------------|-----------|--------|---------------------------------------------------------------------|----------------------|--------|---------|---------| 
2022:12:05 00:00:37.052 INFO  --- [http-nio-9090-exec-2]
				jdbc.resultsettable : |----|----|----------|------|------|--------|---------|------------|--------|---------|---------| 
2022:12:05 00:00:37.053 INFO  --- [http-nio-9090-exec-2]
				jdbc.resultsettable : |bno |uid |boardType |title |place |viewCnt |fileName |createdDate |likeCnt |replyCnt |username | 
2022:12:05 00:00:37.053 INFO  --- [http-nio-9090-exec-2]
				jdbc.resultsettable : |----|----|----------|------|------|--------|---------|------------|--------|---------|---------| 
2022:12:05 00:00:37.054 INFO  --- [http-nio-9090-exec-2]
				jdbc.resultsettable : |----|----|----------|------|------|--------|---------|------------|--------|---------|---------| 
2022:12:05 00:00:37.058 INFO  --- [http-nio-9090-exec-2]
				jdbc.resultsettable : |----|----|-------------------|--------------------------|--------|--------|--------------------------------------------------------------------------------|----------------------|--------|---------|---------| 
2022:12:05 00:00:37.059 INFO  --- [http-nio-9090-exec-2]
				jdbc.resultsettable : |bno |uid |boardType          |title                     |place   |viewCnt |fileName                                                                        |createdDate           |likeCnt |replyCnt |username | 
2022:12:05 00:00:37.059 INFO  --- [http-nio-9090-exec-2]
				jdbc.resultsettable : |----|----|-------------------|--------------------------|--------|--------|--------------------------------------------------------------------------------|----------------------|--------|---------|---------| 
2022:12:05 00:00:37.059 INFO  --- [http-nio-9090-exec-2]
				jdbc.resultsettable : |133 |1   |place_introduction |강남 직장인 회식장소 추천 맛집 베스트 30곳 |고메램 고깃집 |8       |/2022/11/30/s_621ee784-319d-412b-aa75-b6e88550edd3_1019457_1649050946325850.jpg |2022-11-30 16:41:47.0 |0       |0        |최고관리자    | 
2022:12:05 00:00:37.060 INFO  --- [http-nio-9090-exec-2]
				jdbc.resultsettable : |----|----|-------------------|--------------------------|--------|--------|--------------------------------------------------------------------------------|----------------------|--------|---------|---------| 
2022:12:05 00:00:37.067 INFO  --- [http-nio-9090-exec-2]
				jdbc.resultsettable : |----|----|-------------------|---------------------------------------------------|-----------|--------|--------------------------------------------------------------------------|----------------------|--------|---------|---------| 
2022:12:05 00:00:37.067 INFO  --- [http-nio-9090-exec-2]
				jdbc.resultsettable : |bno |uid |boardType          |title                                              |place      |viewCnt |fileName                                                                  |createdDate           |likeCnt |replyCnt |username | 
2022:12:05 00:00:37.068 INFO  --- [http-nio-9090-exec-2]
				jdbc.resultsettable : |----|----|-------------------|---------------------------------------------------|-----------|--------|--------------------------------------------------------------------------|----------------------|--------|---------|---------| 
2022:12:05 00:00:37.068 INFO  --- [http-nio-9090-exec-2]
				jdbc.resultsettable : |102 |25  |place_introduction |합천 황매산철쭉제 방문 전 황매산 등산코스와 철쭉 개화시기 확인하세요322          |합천 황매산철쭉제  |163     |/2022/11/22/s_765abedb-9218-46e5-9628-dfef631bee32_다운로드 (8).jpg           |2022-11-21 23:12:01.0 |2       |11       |유저3      | 
2022:12:05 00:00:37.068 INFO  --- [http-nio-9090-exec-2]
				jdbc.resultsettable : |121 |33  |place_reviews      |소양강 스카이워크는 강원도 춘천시 영서로에 있으며 전체 길이는 174m이고 바닥이 투명 유 |소양강 스카이워크  |94      |/2022/11/22/s_550d0bcf-6dab-448e-841c-897612272222_Thumbnail.jpg          |2022-11-22 19:57:24.0 |1       |1        |유저11     | 
2022:12:05 00:00:37.069 INFO  --- [http-nio-9090-exec-2]
				jdbc.resultsettable : |101 |25  |place_introduction |파주 심학산 돌곶이 6년 만에 꽃마을로 재탄생                          |파주 심학산 돌곶이 |89      |/2022/11/22/s_efbb1b22-6ae9-4833-8e27-feb362d7c89c_1.jpg                  |2022-11-21 23:08:33.0 |1       |1        |유저3      | 
2022:12:05 00:00:37.069 INFO  --- [http-nio-9090-exec-2]
				jdbc.resultsettable : |109 |33  |place_reviews      |자연과 생명의 땅, 대관령 3대 목장                               |대관령 양떼목장   |8       |/2022/11/22/s_a786b505-2ddf-4f89-be12-981d8272997f_99892F3359B5890F17.jpg |2022-11-22 19:03:12.0 |1       |1        |유저11     | 
2022:12:05 00:00:37.069 INFO  --- [http-nio-9090-exec-2]
				jdbc.resultsettable : |122 |33  |place_reviews      |비오는날 가평여행 가평 갈만한곳                                  |경기도 가평     |388     |/2022/11/22/s_f311060a-2c2c-4705-b916-84db690a819d_1665381647697.jpg      |2022-11-22 20:07:28.0 |0       |9        |유저11     | 
2022:12:05 00:00:37.090 INFO  --- [http-nio-9090-exec-2]
				jdbc.resultsettable : |----|----|-------------------|---------------------------------------------------|-----------|--------|--------------------------------------------------------------------------|----------------------|--------|---------|---------| 
2022:12:05 00:00:37.096 INFO  --- [http-nio-9090-exec-2]
				jdbc.resultsettable : |----|----|---------------|----------|---------|----|----------|---------|-------|---------|--------------|----------------|----------------------|--------| 
2022:12:05 00:00:37.096 INFO  --- [http-nio-9090-exec-2]
				jdbc.resultsettable : |num |bno |title          |boardType |username |uid |userId    |zoneCode |imgCnt |fileName |boardPassword |ip              |createdDate           |viewCnt | 
2022:12:05 00:00:37.097 INFO  --- [http-nio-9090-exec-2]
				jdbc.resultsettable : |----|----|---------------|----------|---------|----|----------|---------|-------|---------|--------------|----------------|----------------------|--------| 
2022:12:05 00:00:37.097 INFO  --- [http-nio-9090-exec-2]
				jdbc.resultsettable : |19  |134 |안녕하세요          |qna       |코리아      |46  |korea1234 |03900    |0      |null     |null          |125.180.195.96  |2022-12-03 11:24:00.0 |3       | 
2022:12:05 00:00:37.097 INFO  --- [http-nio-9090-exec-2]
				jdbc.resultsettable : |18  |80  |daSD           |qna       |유저5      |27  |user5     |15382    |0      |null     |null          |0:0:0:0:0:0:0:1 |2022-11-20 23:11:31.0 |79      | 
2022:12:05 00:00:37.098 INFO  --- [http-nio-9090-exec-2]
				jdbc.resultsettable : |17  |79  |일본여행 장소 질문.    |qna       |유저7      |29  |user7     |16268    |0      |null     |null          |0:0:0:0:0:0:0:1 |2022-11-20 22:20:41.0 |21      | 
2022:12:05 00:00:37.098 INFO  --- [http-nio-9090-exec-2]
				jdbc.resultsettable : |16  |78  |졸업여행 장소,놀거리 질문 |qna       |유저6      |28  |user6     |03139    |0      |null     |null          |0:0:0:0:0:0:0:1 |2022-11-20 22:18:25.0 |5       | 
2022:12:05 00:00:37.098 INFO  --- [http-nio-9090-exec-2]
				jdbc.resultsettable : |15  |77  |여행장소추천 및 코스 질문 |qna       |유저6      |28  |user6     |03139    |0      |null     |null          |0:0:0:0:0:0:0:1 |2022-11-20 22:17:29.0 |8       | 
2022:12:05 00:00:37.099 INFO  --- [http-nio-9090-exec-2]
				jdbc.resultsettable : |----|----|---------------|----------|---------|----|----------|---------|-------|---------|--------------|----------------|----------------------|--------| 
2022:12:05 00:00:37.107 INFO  --- [http-nio-9090-exec-2]
				jdbc.resultsettable : |----|----|---------------------------------------------------|----------|---------|----|-------|---------|-------|-----------------------------------------------------------------------------------------------|--------------|----------------|----------------------|--------| 
2022:12:05 00:00:37.108 INFO  --- [http-nio-9090-exec-2]
				jdbc.resultsettable : |num |bno |title                                              |boardType |username |uid |userId |zoneCode |imgCnt |fileName                                                                                       |boardPassword |ip              |createdDate           |viewCnt | 
2022:12:05 00:00:37.108 INFO  --- [http-nio-9090-exec-2]
				jdbc.resultsettable : |----|----|---------------------------------------------------|----------|---------|----|-------|---------|-------|-----------------------------------------------------------------------------------------------|--------------|----------------|----------------------|--------| 
2022:12:05 00:00:37.108 INFO  --- [http-nio-9090-exec-2]
				jdbc.resultsettable : |19  |136 |0000                                               |free      |최고관리자    |1   |admin  |03168    |0      |null                                                                                           |null          |0:0:0:0:0:0:0:1 |2022-12-04 18:32:54.0 |2       | 
2022:12:05 00:00:37.109 INFO  --- [http-nio-9090-exec-2]
				jdbc.resultsettable : |18  |60  |두루웰 숲속문화촌 힐링장소로 인기 [출처] 두루웰 숲속문화촌 힐링장소로 인기|작성자 철원  |free      |유저4      |26  |user4  |03721    |1      |/2022/11/20/s_9acc90a2-9bd8-4283-b06b-3900e9c80cf5_0.jpg                                       |null          |0:0:0:0:0:0:0:1 |2022-11-20 17:54:43.0 |196     | 
2022:12:05 00:00:37.109 INFO  --- [http-nio-9090-exec-2]
				jdbc.resultsettable : |17  |59  |해운대 부산아쿠아리움 아이들에게 인기만점 체험장소 락풀에서 즐겨보세요~ [출처] 해운대 부 |free      |유저4      |26  |user4  |03721    |1      |/2022/11/20/s_7a424850-4884-41cd-b95d-ccb9848b64a5_SE-0afe832e-5685-4162-a0e4-a6eba37183bb.jpg |null          |0:0:0:0:0:0:0:1 |2022-11-20 17:52:47.0 |12      | 
2022:12:05 00:00:37.109 INFO  --- [http-nio-9090-exec-2]
				jdbc.resultsettable : |16  |58  |조용한 휴식의 도시 강릉                                      |free      |유저4      |26  |user4  |03721    |1      |/2022/11/20/059fb8e5-b635-4bdf-98ac-35b229b32c65_878c85e5-265c-4af7-8a99-cc27d80670fa.webp     |null          |0:0:0:0:0:0:0:1 |2022-11-20 17:51:25.0 |25      | 
2022:12:05 00:00:37.109 INFO  --- [http-nio-9090-exec-2]
				jdbc.resultsettable : |15  |57  |센소지&#40;아사쿠사 칸논&#41;                               |free      |유저4      |26  |user4  |03721    |1      |/2022/11/20/1a0e62d3-4f54-4655-9a1d-f0c5456c48cd_ebbf63ca-7cbd-48e1-826d-0e65833a7a3d.webp     |null          |0:0:0:0:0:0:0:1 |2022-11-20 17:49:47.0 |15      | 
2022:12:05 00:00:37.110 INFO  --- [http-nio-9090-exec-2]
				jdbc.resultsettable : |----|----|---------------------------------------------------|----------|---------|----|-------|---------|-------|-----------------------------------------------------------------------------------------------|--------------|----------------|----------------------|--------| 
2022:12:05 00:00:37.145 INFO  --- [http-nio-9090-exec-2]
				jdbc.resultsettable : |----|----|-------------------|---------------------------------------------------|-----------|--------|---------------------------------------------------------------------|----------------------|--------|---------|---------| 
2022:12:05 00:00:37.146 INFO  --- [http-nio-9090-exec-2]
				jdbc.resultsettable : |bno |uid |boardType          |title                                              |place      |viewCnt |fileName                                                             |createdDate           |likeCnt |replyCnt |username | 
2022:12:05 00:00:37.146 INFO  --- [http-nio-9090-exec-2]
				jdbc.resultsettable : |----|----|-------------------|---------------------------------------------------|-----------|--------|---------------------------------------------------------------------|----------------------|--------|---------|---------| 
2022:12:05 00:00:37.146 INFO  --- [http-nio-9090-exec-2]
				jdbc.resultsettable : |122 |33  |place_reviews      |비오는날 가평여행 가평 갈만한곳                                  |경기도 가평     |388     |/2022/11/22/s_f311060a-2c2c-4705-b916-84db690a819d_1665381647697.jpg |2022-11-22 20:07:28.0 |0       |9        |유저11     | 
2022:12:05 00:00:37.147 INFO  --- [http-nio-9090-exec-2]
				jdbc.resultsettable : |102 |25  |place_introduction |합천 황매산철쭉제 방문 전 황매산 등산코스와 철쭉 개화시기 확인하세요322          |합천 황매산철쭉제  |163     |/2022/11/22/s_765abedb-9218-46e5-9628-dfef631bee32_다운로드 (8).jpg      |2022-11-21 23:12:01.0 |2       |11       |유저3      | 
2022:12:05 00:00:37.147 INFO  --- [http-nio-9090-exec-2]
				jdbc.resultsettable : |83  |23  |place_introduction |제주특별자치도 서귀포시 성산읍 성산리 1번지                           |성산 일출봉     |114     |/2022/11/21/s_d1c608f9-8d74-4c52-a758-5b9f368efac7_다운로드.jpg          |2022-11-21 20:50:51.0 |0       |0        |유저1      | 
2022:12:05 00:00:37.147 INFO  --- [http-nio-9090-exec-2]
				jdbc.resultsettable : |121 |33  |place_reviews      |소양강 스카이워크는 강원도 춘천시 영서로에 있으며 전체 길이는 174m이고 바닥이 투명 유 |소양강 스카이워크  |94      |/2022/11/22/s_550d0bcf-6dab-448e-841c-897612272222_Thumbnail.jpg     |2022-11-22 19:57:24.0 |1       |1        |유저11     | 
2022:12:05 00:00:37.147 INFO  --- [http-nio-9090-exec-2]
				jdbc.resultsettable : |101 |25  |place_introduction |파주 심학산 돌곶이 6년 만에 꽃마을로 재탄생                          |파주 심학산 돌곶이 |89      |/2022/11/22/s_efbb1b22-6ae9-4833-8e27-feb362d7c89c_1.jpg             |2022-11-21 23:08:33.0 |1       |1        |유저3      | 
2022:12:05 00:00:37.148 INFO  --- [http-nio-9090-exec-2]
				jdbc.resultsettable : |----|----|-------------------|---------------------------------------------------|-----------|--------|---------------------------------------------------------------------|----------------------|--------|---------|---------| 
2022:12:05 00:00:38.909 INFO  --- [http-nio-9090-exec-3]
				jdbc.resultsettable : |----|----|----------|------|------|--------|---------|------------|--------|---------|---------| 
2022:12:05 00:00:38.909 INFO  --- [http-nio-9090-exec-3]
				jdbc.resultsettable : |bno |uid |boardType |title |place |viewCnt |fileName |createdDate |likeCnt |replyCnt |username | 
2022:12:05 00:00:38.910 INFO  --- [http-nio-9090-exec-3]
				jdbc.resultsettable : |----|----|----------|------|------|--------|---------|------------|--------|---------|---------| 
2022:12:05 00:00:38.910 INFO  --- [http-nio-9090-exec-3]
				jdbc.resultsettable : |----|----|----------|------|------|--------|---------|------------|--------|---------|---------| 
2022:12:05 00:00:38.943 INFO  --- [http-nio-9090-exec-3]
				jdbc.resultsettable : |----|----|-------------------|--------------------------|--------|--------|--------------------------------------------------------------------------------|----------------------|--------|---------|---------| 
2022:12:05 00:00:38.944 INFO  --- [http-nio-9090-exec-3]
				jdbc.resultsettable : |bno |uid |boardType          |title                     |place   |viewCnt |fileName                                                                        |createdDate           |likeCnt |replyCnt |username | 
2022:12:05 00:00:38.944 INFO  --- [http-nio-9090-exec-3]
				jdbc.resultsettable : |----|----|-------------------|--------------------------|--------|--------|--------------------------------------------------------------------------------|----------------------|--------|---------|---------| 
2022:12:05 00:00:38.944 INFO  --- [http-nio-9090-exec-3]
				jdbc.resultsettable : |133 |1   |place_introduction |강남 직장인 회식장소 추천 맛집 베스트 30곳 |고메램 고깃집 |8       |/2022/11/30/s_621ee784-319d-412b-aa75-b6e88550edd3_1019457_1649050946325850.jpg |2022-11-30 16:41:47.0 |0       |0        |최고관리자    | 
2022:12:05 00:00:38.944 INFO  --- [http-nio-9090-exec-3]
				jdbc.resultsettable : |----|----|-------------------|--------------------------|--------|--------|--------------------------------------------------------------------------------|----------------------|--------|---------|---------| 
2022:12:05 00:00:38.974 INFO  --- [http-nio-9090-exec-3]
				jdbc.resultsettable : |----|----|-------------------|---------------------------------------------------|-----------|--------|--------------------------------------------------------------------------|----------------------|--------|---------|---------| 
2022:12:05 00:00:38.975 INFO  --- [http-nio-9090-exec-3]
				jdbc.resultsettable : |bno |uid |boardType          |title                                              |place      |viewCnt |fileName                                                                  |createdDate           |likeCnt |replyCnt |username | 
2022:12:05 00:00:38.975 INFO  --- [http-nio-9090-exec-3]
				jdbc.resultsettable : |----|----|-------------------|---------------------------------------------------|-----------|--------|--------------------------------------------------------------------------|----------------------|--------|---------|---------| 
2022:12:05 00:00:38.975 INFO  --- [http-nio-9090-exec-3]
				jdbc.resultsettable : |102 |25  |place_introduction |합천 황매산철쭉제 방문 전 황매산 등산코스와 철쭉 개화시기 확인하세요322          |합천 황매산철쭉제  |163     |/2022/11/22/s_765abedb-9218-46e5-9628-dfef631bee32_다운로드 (8).jpg           |2022-11-21 23:12:01.0 |2       |11       |유저3      | 
2022:12:05 00:00:38.976 INFO  --- [http-nio-9090-exec-3]
				jdbc.resultsettable : |121 |33  |place_reviews      |소양강 스카이워크는 강원도 춘천시 영서로에 있으며 전체 길이는 174m이고 바닥이 투명 유 |소양강 스카이워크  |94      |/2022/11/22/s_550d0bcf-6dab-448e-841c-897612272222_Thumbnail.jpg          |2022-11-22 19:57:24.0 |1       |1        |유저11     | 
2022:12:05 00:00:38.976 INFO  --- [http-nio-9090-exec-3]
				jdbc.resultsettable : |101 |25  |place_introduction |파주 심학산 돌곶이 6년 만에 꽃마을로 재탄생                          |파주 심학산 돌곶이 |89      |/2022/11/22/s_efbb1b22-6ae9-4833-8e27-feb362d7c89c_1.jpg                  |2022-11-21 23:08:33.0 |1       |1        |유저3      | 
2022:12:05 00:00:38.976 INFO  --- [http-nio-9090-exec-3]
				jdbc.resultsettable : |109 |33  |place_reviews      |자연과 생명의 땅, 대관령 3대 목장                               |대관령 양떼목장   |8       |/2022/11/22/s_a786b505-2ddf-4f89-be12-981d8272997f_99892F3359B5890F17.jpg |2022-11-22 19:03:12.0 |1       |1        |유저11     | 
2022:12:05 00:00:38.977 INFO  --- [http-nio-9090-exec-3]
				jdbc.resultsettable : |122 |33  |place_reviews      |비오는날 가평여행 가평 갈만한곳                                  |경기도 가평     |388     |/2022/11/22/s_f311060a-2c2c-4705-b916-84db690a819d_1665381647697.jpg      |2022-11-22 20:07:28.0 |0       |9        |유저11     | 
2022:12:05 00:00:38.978 INFO  --- [http-nio-9090-exec-3]
				jdbc.resultsettable : |----|----|-------------------|---------------------------------------------------|-----------|--------|--------------------------------------------------------------------------|----------------------|--------|---------|---------| 
2022:12:05 00:00:39.009 INFO  --- [http-nio-9090-exec-3]
				jdbc.resultsettable : |----|----|---------------|----------|---------|----|----------|---------|-------|---------|--------------|----------------|----------------------|--------| 
2022:12:05 00:00:39.009 INFO  --- [http-nio-9090-exec-3]
				jdbc.resultsettable : |num |bno |title          |boardType |username |uid |userId    |zoneCode |imgCnt |fileName |boardPassword |ip              |createdDate           |viewCnt | 
2022:12:05 00:00:39.010 INFO  --- [http-nio-9090-exec-3]
				jdbc.resultsettable : |----|----|---------------|----------|---------|----|----------|---------|-------|---------|--------------|----------------|----------------------|--------| 
2022:12:05 00:00:39.010 INFO  --- [http-nio-9090-exec-3]
				jdbc.resultsettable : |19  |134 |안녕하세요          |qna       |코리아      |46  |korea1234 |03900    |0      |null     |null          |125.180.195.96  |2022-12-03 11:24:00.0 |3       | 
2022:12:05 00:00:39.010 INFO  --- [http-nio-9090-exec-3]
				jdbc.resultsettable : |18  |80  |daSD           |qna       |유저5      |27  |user5     |15382    |0      |null     |null          |0:0:0:0:0:0:0:1 |2022-11-20 23:11:31.0 |79      | 
2022:12:05 00:00:39.010 INFO  --- [http-nio-9090-exec-3]
				jdbc.resultsettable : |17  |79  |일본여행 장소 질문.    |qna       |유저7      |29  |user7     |16268    |0      |null     |null          |0:0:0:0:0:0:0:1 |2022-11-20 22:20:41.0 |21      | 
2022:12:05 00:00:39.011 INFO  --- [http-nio-9090-exec-3]
				jdbc.resultsettable : |16  |78  |졸업여행 장소,놀거리 질문 |qna       |유저6      |28  |user6     |03139    |0      |null     |null          |0:0:0:0:0:0:0:1 |2022-11-20 22:18:25.0 |5       | 
2022:12:05 00:00:39.011 INFO  --- [http-nio-9090-exec-3]
				jdbc.resultsettable : |15  |77  |여행장소추천 및 코스 질문 |qna       |유저6      |28  |user6     |03139    |0      |null     |null          |0:0:0:0:0:0:0:1 |2022-11-20 22:17:29.0 |8       | 
2022:12:05 00:00:39.011 INFO  --- [http-nio-9090-exec-3]
				jdbc.resultsettable : |----|----|---------------|----------|---------|----|----------|---------|-------|---------|--------------|----------------|----------------------|--------| 
2022:12:05 00:00:39.036 INFO  --- [http-nio-9090-exec-3]
				jdbc.resultsettable : |----|----|---------------------------------------------------|----------|---------|----|-------|---------|-------|-----------------------------------------------------------------------------------------------|--------------|----------------|----------------------|--------| 
2022:12:05 00:00:39.037 INFO  --- [http-nio-9090-exec-3]
				jdbc.resultsettable : |num |bno |title                                              |boardType |username |uid |userId |zoneCode |imgCnt |fileName                                                                                       |boardPassword |ip              |createdDate           |viewCnt | 
2022:12:05 00:00:39.037 INFO  --- [http-nio-9090-exec-3]
				jdbc.resultsettable : |----|----|---------------------------------------------------|----------|---------|----|-------|---------|-------|-----------------------------------------------------------------------------------------------|--------------|----------------|----------------------|--------| 
2022:12:05 00:00:39.038 INFO  --- [http-nio-9090-exec-3]
				jdbc.resultsettable : |19  |136 |0000                                               |free      |최고관리자    |1   |admin  |03168    |0      |null                                                                                           |null          |0:0:0:0:0:0:0:1 |2022-12-04 18:32:54.0 |2       | 
2022:12:05 00:00:39.038 INFO  --- [http-nio-9090-exec-3]
				jdbc.resultsettable : |18  |60  |두루웰 숲속문화촌 힐링장소로 인기 [출처] 두루웰 숲속문화촌 힐링장소로 인기|작성자 철원  |free      |유저4      |26  |user4  |03721    |1      |/2022/11/20/s_9acc90a2-9bd8-4283-b06b-3900e9c80cf5_0.jpg                                       |null          |0:0:0:0:0:0:0:1 |2022-11-20 17:54:43.0 |196     | 
2022:12:05 00:00:39.038 INFO  --- [http-nio-9090-exec-3]
				jdbc.resultsettable : |17  |59  |해운대 부산아쿠아리움 아이들에게 인기만점 체험장소 락풀에서 즐겨보세요~ [출처] 해운대 부 |free      |유저4      |26  |user4  |03721    |1      |/2022/11/20/s_7a424850-4884-41cd-b95d-ccb9848b64a5_SE-0afe832e-5685-4162-a0e4-a6eba37183bb.jpg |null          |0:0:0:0:0:0:0:1 |2022-11-20 17:52:47.0 |12      | 
2022:12:05 00:00:39.038 INFO  --- [http-nio-9090-exec-3]
				jdbc.resultsettable : |16  |58  |조용한 휴식의 도시 강릉                                      |free      |유저4      |26  |user4  |03721    |1      |/2022/11/20/059fb8e5-b635-4bdf-98ac-35b229b32c65_878c85e5-265c-4af7-8a99-cc27d80670fa.webp     |null          |0:0:0:0:0:0:0:1 |2022-11-20 17:51:25.0 |25      | 
2022:12:05 00:00:39.039 INFO  --- [http-nio-9090-exec-3]
				jdbc.resultsettable : |15  |57  |센소지&#40;아사쿠사 칸논&#41;                               |free      |유저4      |26  |user4  |03721    |1      |/2022/11/20/1a0e62d3-4f54-4655-9a1d-f0c5456c48cd_ebbf63ca-7cbd-48e1-826d-0e65833a7a3d.webp     |null          |0:0:0:0:0:0:0:1 |2022-11-20 17:49:47.0 |15      | 
2022:12:05 00:00:39.039 INFO  --- [http-nio-9090-exec-3]
				jdbc.resultsettable : |----|----|---------------------------------------------------|----------|---------|----|-------|---------|-------|-----------------------------------------------------------------------------------------------|--------------|----------------|----------------------|--------| 
2022:12:05 00:00:39.104 INFO  --- [http-nio-9090-exec-3]
				jdbc.resultsettable : |----|----|-------------------|---------------------------------------------------|-----------|--------|---------------------------------------------------------------------|----------------------|--------|---------|---------| 
2022:12:05 00:00:39.104 INFO  --- [http-nio-9090-exec-3]
				jdbc.resultsettable : |bno |uid |boardType          |title                                              |place      |viewCnt |fileName                                                             |createdDate           |likeCnt |replyCnt |username | 
2022:12:05 00:00:39.105 INFO  --- [http-nio-9090-exec-3]
				jdbc.resultsettable : |----|----|-------------------|---------------------------------------------------|-----------|--------|---------------------------------------------------------------------|----------------------|--------|---------|---------| 
2022:12:05 00:00:39.105 INFO  --- [http-nio-9090-exec-3]
				jdbc.resultsettable : |122 |33  |place_reviews      |비오는날 가평여행 가평 갈만한곳                                  |경기도 가평     |388     |/2022/11/22/s_f311060a-2c2c-4705-b916-84db690a819d_1665381647697.jpg |2022-11-22 20:07:28.0 |0       |9        |유저11     | 
2022:12:05 00:00:39.106 INFO  --- [http-nio-9090-exec-3]
				jdbc.resultsettable : |102 |25  |place_introduction |합천 황매산철쭉제 방문 전 황매산 등산코스와 철쭉 개화시기 확인하세요322          |합천 황매산철쭉제  |163     |/2022/11/22/s_765abedb-9218-46e5-9628-dfef631bee32_다운로드 (8).jpg      |2022-11-21 23:12:01.0 |2       |11       |유저3      | 
2022:12:05 00:00:39.106 INFO  --- [http-nio-9090-exec-3]
				jdbc.resultsettable : |83  |23  |place_introduction |제주특별자치도 서귀포시 성산읍 성산리 1번지                           |성산 일출봉     |114     |/2022/11/21/s_d1c608f9-8d74-4c52-a758-5b9f368efac7_다운로드.jpg          |2022-11-21 20:50:51.0 |0       |0        |유저1      | 
2022:12:05 00:00:39.106 INFO  --- [http-nio-9090-exec-3]
				jdbc.resultsettable : |121 |33  |place_reviews      |소양강 스카이워크는 강원도 춘천시 영서로에 있으며 전체 길이는 174m이고 바닥이 투명 유 |소양강 스카이워크  |94      |/2022/11/22/s_550d0bcf-6dab-448e-841c-897612272222_Thumbnail.jpg     |2022-11-22 19:57:24.0 |1       |1        |유저11     | 
2022:12:05 00:00:39.106 INFO  --- [http-nio-9090-exec-3]
				jdbc.resultsettable : |101 |25  |place_introduction |파주 심학산 돌곶이 6년 만에 꽃마을로 재탄생                          |파주 심학산 돌곶이 |89      |/2022/11/22/s_efbb1b22-6ae9-4833-8e27-feb362d7c89c_1.jpg             |2022-11-21 23:08:33.0 |1       |1        |유저3      | 
2022:12:05 00:00:39.107 INFO  --- [http-nio-9090-exec-3]
				jdbc.resultsettable : |----|----|-------------------|---------------------------------------------------|-----------|--------|---------------------------------------------------------------------|----------------------|--------|---------|---------| 
2022:12:05 00:00:39.398 INFO  --- [http-nio-9090-exec-3]
				v.r.controller.FileUploadController : File NAME : /2022/11/22/s_f311060a-2c2c-4705-b916-84db690a819d_1665381647697.jpg 
2022:12:05 00:00:39.410 INFO  --- [http-nio-9090-exec-6]
				v.r.controller.FileUploadController : File NAME : /2022/11/22/s_765abedb-9218-46e5-9628-dfef631bee32_다운로드 (8).jpg 
2022:12:05 00:00:39.414 INFO  --- [http-nio-9090-exec-8]
				v.r.controller.FileUploadController : File NAME : /2022/11/21/s_d1c608f9-8d74-4c52-a758-5b9f368efac7_다운로드.jpg 
2022:12:05 00:00:39.420 INFO  --- [http-nio-9090-exec-4]
				v.r.controller.FileUploadController : File NAME : /2022/11/22/s_550d0bcf-6dab-448e-841c-897612272222_Thumbnail.jpg 
2022:12:05 00:00:39.469 INFO  --- [http-nio-9090-exec-5]
				v.r.controller.FileUploadController : File NAME : /2022/11/22/s_efbb1b22-6ae9-4833-8e27-feb362d7c89c_1.jpg 
2022:12:05 00:00:39.489 INFO  --- [http-nio-9090-exec-2]
				v.r.controller.FileUploadController : File NAME : /2022/11/22/s_a786b505-2ddf-4f89-be12-981d8272997f_99892F3359B5890F17.jpg 
2022:12:05 00:00:39.489 INFO  --- [http-nio-9090-exec-10]
				v.r.controller.FileUploadController : File NAME : /2022/11/30/s_621ee784-319d-412b-aa75-b6e88550edd3_1019457_1649050946325850.jpg 
2022:12:05 00:00:40.286 INFO  --- [http-nio-9090-exec-2]
				v.r.controller.FileUploadController : File NAME : /2022/11/22/s_765abedb-9218-46e5-9628-dfef631bee32_다운로드 (8).jpg 
2022:12:05 00:00:40.292 INFO  --- [http-nio-9090-exec-7]
				v.r.controller.FileUploadController : File NAME : /2022/11/21/s_d1c608f9-8d74-4c52-a758-5b9f368efac7_다운로드.jpg 
2022:12:05 00:00:40.280 INFO  --- [http-nio-9090-exec-9]
				v.r.controller.FileUploadController : File NAME : /2022/11/22/s_f311060a-2c2c-4705-b916-84db690a819d_1665381647697.jpg 
2022:12:05 00:00:40.342 INFO  --- [http-nio-9090-exec-8]
				v.r.controller.FileUploadController : File NAME : /2022/11/22/s_550d0bcf-6dab-448e-841c-897612272222_Thumbnail.jpg 
2022:12:05 00:00:40.353 INFO  --- [http-nio-9090-exec-5]
				v.r.controller.FileUploadController : File NAME : /2022/11/22/s_efbb1b22-6ae9-4833-8e27-feb362d7c89c_1.jpg 
2022:12:05 00:00:40.356 INFO  --- [http-nio-9090-exec-3]
				v.r.controller.FileUploadController : File NAME : /2022/11/30/s_621ee784-319d-412b-aa75-b6e88550edd3_1019457_1649050946325850.jpg 
2022:12:05 00:00:40.366 INFO  --- [http-nio-9090-exec-10]
				v.r.controller.FileUploadController : File NAME : /2022/11/22/s_a786b505-2ddf-4f89-be12-981d8272997f_99892F3359B5890F17.jpg 
2022:12:05 00:01:44.203 INFO  --- [RMI TCP Connection(10)-127.0.0.1]
				o.a.catalina.core.StandardService : Stopping service [Tomcat] 
2022:12:05 00:01:44.208 INFO  --- [RMI TCP Connection(10)-127.0.0.1]
				o.a.c.c.C.[Tomcat].[localhost].[/] : Destroying Spring FrameworkServlet 'dispatcherServlet' 
2022:12:05 00:01:46.101 INFO  --- [RMI TCP Connection(10)-127.0.0.1]
				com.zaxxer.hikari.HikariDataSource : HikariPool-1 - Shutdown initiated... 
2022:12:05 00:01:46.116 INFO  --- [RMI TCP Connection(10)-127.0.0.1]
				com.zaxxer.hikari.HikariDataSource : HikariPool-1 - Shutdown completed. 
